#
# A fatal error has been detected by the Java Runtime Environment:
#
#  EXCEPTION_ACCESS_VIOLATION (0xc0000005) at pc=0x000000006a9e0d56, pid=28452, tid=27196
#
# JRE version: Java(TM) SE Runtime Environment (7.0_67-b01) (build 1.7.0_67-b01)
# Java VM: Java HotSpot(TM) 64-Bit Server VM (24.65-b04 mixed mode windows-amd64 compressed oops)
# Problematic frame:
# C  [jdwp.dll+0x20d56]
#
# Failed to write core dump. Minidumps are not enabled by default on client versions of Windows
#
# If you would like to submit a bug report, please visit:
#   http://bugreport.sun.com/bugreport/crash.jsp
# The crash happened outside the Java Virtual Machine in native code.
# See problematic frame for where to report the bug.
#

---------------  T H R E A D  ---------------

Current thread (0x000000000c4a4800):  JavaThread "JDWP Command Reader" daemon [_thread_in_native, id=27196, stack(0x000000000cac0000,0x000000000cbc0000)]

siginfo: ExceptionCode=0xc0000005, reading address 0x0000000000000000

Registers:
RAX=0x000000006a9ef590, RBX=0x000000000c4a4800, RCX=0x0000000000000000, RDX=0x000000000c4a17b0
RSP=0x000000000cbbf6d0, RBP=0x000000006a9e9348, RSI=0x000000000c4a17b0, RDI=0x000000000de5ce30
R8 =0x0000000000000028, R9 =0x8101010101010100, R10=0x81010100fcf900f8, R11=0x000000000e25f010
R12=0x000000000ab49f60, R13=0x000000000ab4a338, R14=0x0000000000000000, R15=0x000000006a9e9338
RIP=0x000000006a9e0d56, EFLAGS=0x0000000000010202

Top of Stack: (sp=0x000000000cbbf6d0)
0x000000000cbbf6d0:   00000000000000ca 000000006a9e9348
0x000000000cbbf6e0:   0000000000000004 000000006c590535
0x000000000cbbf6f0:   000000000de5ce30 000000006a9df770
0x000000000cbbf700:   000000000cbbf780 0000000000000043
0x000000000cbbf710:   000000000ab49f50 000000006c53fc35
0x000000000cbbf720:   000000000de5ce30 000000006a9cee32
0x000000000cbbf730:   000000000c4a4800 000000000ab49f50
0x000000000cbbf740:   000000000ab49f50 000000006c54184b
0x000000000cbbf750:   000000000c4a4801 00000000025d9720
0x000000000cbbf760:   000000000c4a4800 000000000c4a7510
0x000000000cbbf770:   000000000c498ad0 000000006c487ccb
0x000000000cbbf780:   000002e700000000 000000000a020100
0x000000000cbbf790:   000000000ef4c800 000000000c4a4800
0x000000000cbbf7a0:   0000000000000000 000000006c54ad3f
0x000000000cbbf7b0:   000000000c4a4800 00000000000003d8
0x000000000cbbf7c0:   000000000c498ad0 00000000000003d8 

Instructions: (pc=0x000000006a9e0d56)
0x000000006a9e0d36:   8b c8 e8 cf bb ff ff 84 c0 75 08 48 8b cb e8 57
0x000000006a9e0d46:   c6 ff ff 48 8b 05 88 ef 00 00 48 8b d6 48 8b 08
0x000000006a9e0d56:   48 8b 01 ff 90 00 01 00 00 8b c8 e8 62 ff ff ff
0x000000006a9e0d66:   8b f8 83 f8 34 74 bb 85 c0 74 61 8b c8 e8 60 e5 


Register to memory mapping:

RAX=0x000000006a9ef590 is an unknown value
RBX=0x000000000c4a4800 is a thread
RCX=0x0000000000000000 is an unknown value
RDX=0x000000000c4a17b0 is an unknown value
RSP=0x000000000cbbf6d0 is pointing into the stack for thread: 0x000000000c4a4800
RBP=0x000000006a9e9348 is an unknown value
RSI=0x000000000c4a17b0 is an unknown value
RDI=0x000000000de5ce30 is an unknown value
R8 =0x0000000000000028 is an unknown value
R9 =0x8101010101010100 is an unknown value
R10=0x81010100fcf900f8 is an unknown value
R11=0x000000000e25f010 is an unknown value
R12=0x000000000ab49f60 is an unknown value
R13=0x000000000ab4a338 is an unknown value
R14=0x0000000000000000 is an unknown value
R15=0x000000006a9e9338 is an unknown value


Stack: [0x000000000cac0000,0x000000000cbc0000],  sp=0x000000000cbbf6d0,  free space=1021k
Native frames: (J=compiled Java code, j=interpreted, Vv=VM code, C=native code)
C  [jdwp.dll+0x20d56]


---------------  P R O C E S S  ---------------

Java Threads: ( => current thread )
  0x000000000c4ba800 JavaThread "Service Thread" daemon [_thread_blocked, id=13716, stack(0x000000000d420000,0x000000000d520000)]
  0x000000000c4b6800 JavaThread "C2 CompilerThread1" daemon [_thread_blocked, id=7880, stack(0x000000000d260000,0x000000000d360000)]
  0x000000000c4b8800 JavaThread "C2 CompilerThread0" daemon [_thread_blocked, id=29236, stack(0x000000000d0a0000,0x000000000d1a0000)]
=>0x000000000c4a4800 JavaThread "JDWP Command Reader" daemon [_thread_in_native, id=27196, stack(0x000000000cac0000,0x000000000cbc0000)]
  0x000000000c4a3800 JavaThread "JDWP Event Helper Thread" daemon [_thread_blocked, id=23024, stack(0x000000000cf90000,0x000000000d090000)]
  0x000000000c493000 JavaThread "JDWP Transport Listener: dt_socket" daemon [_thread_blocked, id=29840, stack(0x000000000cdd0000,0x000000000ced0000)]
  0x000000000ab2d000 JavaThread "Attach Listener" daemon [_thread_blocked, id=31964, stack(0x000000000c390000,0x000000000c490000)]
  0x000000000ab2a000 JavaThread "Signal Dispatcher" daemon [_thread_blocked, id=27844, stack(0x000000000c210000,0x000000000c310000)]
  0x000000000aad6000 JavaThread "Finalizer" daemon [_thread_blocked, id=30384, stack(0x000000000c070000,0x000000000c170000)]
  0x000000000aace800 JavaThread "Reference Handler" daemon [_thread_blocked, id=30784, stack(0x000000000bde0000,0x000000000bee0000)]
  0x0000000002438800 JavaThread "main" [_thread_blocked, id=30316, stack(0x0000000002850000,0x0000000002950000)]

Other Threads:
  0x000000000aacb000 VMThread [stack: 0x000000000bc60000,0x000000000bd60000] [id=6400]

VM state:at safepoint (normal execution)

VM Mutex/Monitor currently owned by a thread:  ([mutex/lock_event])
[0x00000000025de0a0] Threads_lock - owner thread: 0x000000000aacb000

Heap
 PSYoungGen      total 278016K, used 10310K [0x00000007d6e00000, 0x00000007e9400000, 0x0000000800000000)
  eden space 258048K, 3% used [0x00000007d6e00000,0x00000007d78119d8,0x00000007e6a00000)
  from space 19968K, 0% used [0x00000007e8080000,0x00000007e8080000,0x00000007e9400000)
  to   space 21504K, 0% used [0x00000007e6a00000,0x00000007e6a00000,0x00000007e7f00000)
 ParOldGen       total 83968K, used 28394K [0x0000000784a00000, 0x0000000789c00000, 0x00000007d6e00000)
  object space 83968K, 33% used [0x0000000784a00000,0x00000007865baa10,0x0000000789c00000)
 PSPermGen       total 42496K, used 21172K [0x000000077f800000, 0x0000000782180000, 0x0000000784a00000)
  object space 42496K, 49% used [0x000000077f800000,0x0000000780cad190,0x0000000782180000)

Card table byte_map: [0x0000000005950000,0x0000000005d60000] byte_map_base: 0x0000000001d54000

Polling page: 0x0000000000120000

Code Cache  [0x0000000002950000, 0x0000000002c10000, 0x0000000005950000)
 total_blobs=1063 nmethods=745 adapters=275 free_code_cache=46438Kb largest_free_block=47452416

Compilation events (10 events):
Event: 9.692 Thread 0x000000000c4b6800 nmethod 777 0x0000000002b38d10 code [0x0000000002b38f80, 0x0000000002b3a588]
Event: 9.751 Thread 0x000000000c4b8800  784             java.nio.CharBuffer::<init> (22 bytes)
Event: 9.753 Thread 0x000000000c4b8800 nmethod 784 0x0000000002beb0d0 code [0x0000000002beb220, 0x0000000002beb3b8]
Event: 9.763 Thread 0x000000000c4b6800  785             java.util.regex.Matcher::search (109 bytes)
Event: 10.023 Thread 0x000000000c4b6800 nmethod 785 0x00000000029d9510 code [0x00000000029d9660, 0x00000000029d9858]
Event: 10.023 Thread 0x000000000c4b6800  786   !         java.util.zip.ZipFile$ZipFileInputStream::close (110 bytes)
Event: 10.025 Thread 0x000000000c4b8800  787             sun.misc.VM::addFinalRefCount (24 bytes)
Event: 10.026 Thread 0x000000000c4b8800 nmethod 787 0x00000000029d9310 code [0x00000000029d9440, 0x00000000029d94b8]
Event: 10.028 Thread 0x000000000c4b8800  788             java.util.concurrent.ConcurrentHashMap::entryAt (29 bytes)
Event: 10.029 Thread 0x000000000c4b8800 nmethod 788 0x00000000029d9090 code [0x00000000029d91c0, 0x00000000029d9238]

GC Heap History (10 events):
Event: 3.318 GC heap before
{Heap before GC invocations=3 (full 0):
 PSYoungGen      total 69632K, used 69626K [0x00000007d6e00000, 0x00000007db700000, 0x0000000800000000)
  eden space 64512K, 100% used [0x00000007d6e00000,0x00000007dad00000,0x00000007dad00000)
  from space 5120K, 99% used [0x00000007db200000,0x00000007db6feb68,0x00000007db700000)
  to   space 5120K, 0% used [0x00000007dad00000,0x00000007dad00000,0x00000007db200000)
 ParOldGen       total 83968K, used 2251K [0x0000000784a00000, 0x0000000789c00000, 0x00000007d6e00000)
  object space 83968K, 2% used [0x0000000784a00000,0x0000000784c32df8,0x0000000789c00000)
 PSPermGen       total 21504K, used 14791K [0x000000077f800000, 0x0000000780d00000, 0x0000000784a00000)
  object space 21504K, 68% used [0x000000077f800000,0x0000000780671c88,0x0000000780d00000)
Event: 3.331 GC heap after
Heap after GC invocations=3 (full 0):
 PSYoungGen      total 69632K, used 5096K [0x00000007d6e00000, 0x00000007df600000, 0x0000000800000000)
  eden space 64512K, 0% used [0x00000007d6e00000,0x00000007d6e00000,0x00000007dad00000)
  from space 5120K, 99% used [0x00000007dad00000,0x00000007db1fa020,0x00000007db200000)
  to   space 5120K, 0% used [0x00000007df100000,0x00000007df100000,0x00000007df600000)
 ParOldGen       total 83968K, used 6021K [0x0000000784a00000, 0x0000000789c00000, 0x00000007d6e00000)
  object space 83968K, 7% used [0x0000000784a00000,0x0000000784fe15a8,0x0000000789c00000)
 PSPermGen       total 21504K, used 14791K [0x000000077f800000, 0x0000000780d00000, 0x0000000784a00000)
  object space 21504K, 68% used [0x000000077f800000,0x0000000780671c88,0x0000000780d00000)
}
Event: 4.713 GC heap before
{Heap before GC invocations=4 (full 0):
 PSYoungGen      total 69632K, used 69608K [0x00000007d6e00000, 0x00000007df600000, 0x0000000800000000)
  eden space 64512K, 100% used [0x00000007d6e00000,0x00000007dad00000,0x00000007dad00000)
  from space 5120K, 99% used [0x00000007dad00000,0x00000007db1fa020,0x00000007db200000)
  to   space 5120K, 0% used [0x00000007df100000,0x00000007df100000,0x00000007df600000)
 ParOldGen       total 83968K, used 6021K [0x0000000784a00000, 0x0000000789c00000, 0x00000007d6e00000)
  object space 83968K, 7% used [0x0000000784a00000,0x0000000784fe15a8,0x0000000789c00000)
 PSPermGen       total 21504K, used 15539K [0x000000077f800000, 0x0000000780d00000, 0x0000000784a00000)
  object space 21504K, 72% used [0x000000077f800000,0x000000078072cc68,0x0000000780d00000)
Event: 4.730 GC heap after
Heap after GC invocations=4 (full 0):
 PSYoungGen      total 134144K, used 5088K [0x00000007d6e00000, 0x00000007df600000, 0x0000000800000000)
  eden space 129024K, 0% used [0x00000007d6e00000,0x00000007d6e00000,0x00000007dec00000)
  from space 5120K, 99% used [0x00000007df100000,0x00000007df5f8020,0x00000007df600000)
  to   space 5120K, 0% used [0x00000007dec00000,0x00000007dec00000,0x00000007df100000)
 ParOldGen       total 83968K, used 9839K [0x0000000784a00000, 0x0000000789c00000, 0x00000007d6e00000)
  object space 83968K, 11% used [0x0000000784a00000,0x000000078539bde8,0x0000000789c00000)
 PSPermGen       total 21504K, used 15539K [0x000000077f800000, 0x0000000780d00000, 0x0000000784a00000)
  object space 21504K, 72% used [0x000000077f800000,0x000000078072cc68,0x0000000780d00000)
}
Event: 7.045 GC heap before
{Heap before GC invocations=5 (full 0):
 PSYoungGen      total 134144K, used 134112K [0x00000007d6e00000, 0x00000007df600000, 0x0000000800000000)
  eden space 129024K, 100% used [0x00000007d6e00000,0x00000007dec00000,0x00000007dec00000)
  from space 5120K, 99% used [0x00000007df100000,0x00000007df5f8020,0x00000007df600000)
  to   space 5120K, 0% used [0x00000007dec00000,0x00000007dec00000,0x00000007df100000)
 ParOldGen       total 83968K, used 9839K [0x0000000784a00000, 0x0000000789c00000, 0x00000007d6e00000)
  object space 83968K, 11% used [0x0000000784a00000,0x000000078539bde8,0x0000000789c00000)
 PSPermGen       total 21504K, used 19619K [0x000000077f800000, 0x0000000780d00000, 0x0000000784a00000)
  object space 21504K, 91% used [0x000000077f800000,0x0000000780b28fd8,0x0000000780d00000)
Event: 7.073 GC heap after
Heap after GC invocations=5 (full 0):
 PSYoungGen      total 134144K, used 5120K [0x00000007d6e00000, 0x00000007e9700000, 0x0000000800000000)
  eden space 129024K, 0% used [0x00000007d6e00000,0x00000007d6e00000,0x00000007dec00000)
  from space 5120K, 100% used [0x00000007dec00000,0x00000007df100000,0x00000007df100000)
  to   space 23040K, 0% used [0x00000007e8080000,0x00000007e8080000,0x00000007e9700000)
 ParOldGen       total 83968K, used 31069K [0x0000000784a00000, 0x0000000789c00000, 0x00000007d6e00000)
  object space 83968K, 37% used [0x0000000784a00000,0x0000000786857538,0x0000000789c00000)
 PSPermGen       total 21504K, used 19619K [0x000000077f800000, 0x0000000780d00000, 0x0000000784a00000)
  object space 21504K, 91% used [0x000000077f800000,0x0000000780b28fd8,0x0000000780d00000)
}
Event: 9.763 GC heap before
{Heap before GC invocations=6 (full 0):
 PSYoungGen      total 134144K, used 108098K [0x00000007d6e00000, 0x00000007e9700000, 0x0000000800000000)
  eden space 129024K, 79% used [0x00000007d6e00000,0x00000007dd290958,0x00000007dec00000)
  from space 5120K, 100% used [0x00000007dec00000,0x00000007df100000,0x00000007df100000)
  to   space 23040K, 0% used [0x00000007e8080000,0x00000007e8080000,0x00000007e9700000)
 ParOldGen       total 83968K, used 31069K [0x0000000784a00000, 0x0000000789c00000, 0x00000007d6e00000)
  object space 83968K, 37% used [0x0000000784a00000,0x0000000786857538,0x0000000789c00000)
 PSPermGen       total 21504K, used 21323K [0x000000077f800000, 0x0000000780d00000, 0x0000000784a00000)
  object space 21504K, 99% used [0x000000077f800000,0x0000000780cd2c60,0x0000000780d00000)
Event: 9.784 GC heap after
Heap after GC invocations=6 (full 0):
 PSYoungGen      total 278016K, used 9943K [0x00000007d6e00000, 0x00000007e9400000, 0x0000000800000000)
  eden space 258048K, 0% used [0x00000007d6e00000,0x00000007d6e00000,0x00000007e6a00000)
  from space 19968K, 49% used [0x00000007e8080000,0x00000007e8a35c98,0x00000007e9400000)
  to   space 21504K, 0% used [0x00000007e6a00000,0x00000007e6a00000,0x00000007e7f00000)
 ParOldGen       total 83968K, used 31069K [0x0000000784a00000, 0x0000000789c00000, 0x00000007d6e00000)
  object space 83968K, 37% used [0x0000000784a00000,0x0000000786857538,0x0000000789c00000)
 PSPermGen       total 21504K, used 21323K [0x000000077f800000, 0x0000000780d00000, 0x0000000784a00000)
  object space 21504K, 99% used [0x000000077f800000,0x0000000780cd2c60,0x0000000780d00000)
}
Event: 9.784 GC heap before
{Heap before GC invocations=7 (full 1):
 PSYoungGen      total 278016K, used 9943K [0x00000007d6e00000, 0x00000007e9400000, 0x0000000800000000)
  eden space 258048K, 0% used [0x00000007d6e00000,0x00000007d6e00000,0x00000007e6a00000)
  from space 19968K, 49% used [0x00000007e8080000,0x00000007e8a35c98,0x00000007e9400000)
  to   space 21504K, 0% used [0x00000007e6a00000,0x00000007e6a00000,0x00000007e7f00000)
 ParOldGen       total 83968K, used 31069K [0x0000000784a00000, 0x0000000789c00000, 0x00000007d6e00000)
  object space 83968K, 37% used [0x0000000784a00000,0x0000000786857538,0x0000000789c00000)
 PSPermGen       total 21504K, used 21323K [0x000000077f800000, 0x0000000780d00000, 0x0000000784a00000)
  object space 21504K, 99% used [0x000000077f800000,0x0000000780cd2c60,0x0000000780d00000)
Event: 10.021 GC heap after
Heap after GC invocations=7 (full 1):
 PSYoungGen      total 278016K, used 0K [0x00000007d6e00000, 0x00000007e9400000, 0x0000000800000000)
  eden space 258048K, 0% used [0x00000007d6e00000,0x00000007d6e00000,0x00000007e6a00000)
  from space 19968K, 0% used [0x00000007e8080000,0x00000007e8080000,0x00000007e9400000)
  to   space 21504K, 0% used [0x00000007e6a00000,0x00000007e6a00000,0x00000007e7f00000)
 ParOldGen       total 83968K, used 28394K [0x0000000784a00000, 0x0000000789c00000, 0x00000007d6e00000)
  object space 83968K, 33% used [0x0000000784a00000,0x00000007865baa10,0x0000000789c00000)
 PSPermGen       total 42496K, used 21169K [0x000000077f800000, 0x0000000782180000, 0x0000000784a00000)
  object space 42496K, 49% used [0x000000077f800000,0x0000000780cac510,0x0000000782180000)
}

Deoptimization events (10 events):
Event: 9.708 Thread 0x0000000002438800 Uncommon trap: reason=range_check action=none pc=0x00000000029cd0e4 method=sun.reflect.generics.parser.SignatureParser.current()C @ 34
Event: 9.708 Thread 0x0000000002438800 Uncommon trap: reason=range_check action=none pc=0x00000000029cd0e4 method=sun.reflect.generics.parser.SignatureParser.current()C @ 34
Event: 9.708 Thread 0x0000000002438800 Uncommon trap: reason=range_check action=none pc=0x00000000029cd0e4 method=sun.reflect.generics.parser.SignatureParser.current()C @ 34
Event: 9.708 Thread 0x0000000002438800 Uncommon trap: reason=range_check action=none pc=0x00000000029cd0e4 method=sun.reflect.generics.parser.SignatureParser.current()C @ 34
Event: 9.724 Thread 0x0000000002438800 Uncommon trap: reason=bimorphic action=maybe_recompile pc=0x0000000002b25e94 method=com.google.inject.internal.InjectorImpl.callInContext(Lcom/google/inject/internal/ContextualCallable;)Ljava/lang/Object; @ 79
Event: 9.727 Thread 0x0000000002438800 Uncommon trap: reason=bimorphic action=maybe_recompile pc=0x0000000002bdcc54 method=org.eclipse.sisu.inject.LocatedBeans$Itr.hasNext()Z @ 62
Event: 9.727 Thread 0x0000000002438800 Uncommon trap: reason=bimorphic action=maybe_recompile pc=0x0000000002bdcc54 method=org.eclipse.sisu.inject.LocatedBeans$Itr.hasNext()Z @ 62
Event: 9.727 Thread 0x0000000002438800 Uncommon trap: reason=bimorphic action=maybe_recompile pc=0x0000000002bdcc54 method=org.eclipse.sisu.inject.LocatedBeans$Itr.hasNext()Z @ 62
Event: 9.727 Thread 0x0000000002438800 Uncommon trap: reason=bimorphic action=maybe_recompile pc=0x0000000002bdcc54 method=org.eclipse.sisu.inject.LocatedBeans$Itr.hasNext()Z @ 62
Event: 9.738 Thread 0x0000000002438800 Uncommon trap: reason=class_check action=maybe_recompile pc=0x0000000002a92554 method=java.util.Collections.indexedBinarySearch(Ljava/util/List;Ljava/lang/Object;)I @ 31

Internal exceptions (10 events):
Event: 9.758 Thread 0x0000000002438800 Threw 0x00000007dd08bef0 at C:\re\jdk7u67\1368\hotspot\src\share\vm\prims\jvm.cpp:1244
Event: 9.758 Thread 0x0000000002438800 Threw 0x00000007dd08c640 at C:\re\jdk7u67\1368\hotspot\src\share\vm\prims\jvm.cpp:1244
Event: 9.760 Thread 0x0000000002438800 Threw 0x00000007dd0ac658 at C:\re\jdk7u67\1368\hotspot\src\share\vm\prims\jvm.cpp:1244
Event: 9.760 Thread 0x0000000002438800 Threw 0x00000007dd0acea0 at C:\re\jdk7u67\1368\hotspot\src\share\vm\prims\jvm.cpp:1244
Event: 9.760 Thread 0x0000000002438800 Threw 0x00000007dd0b3408 at C:\re\jdk7u67\1368\hotspot\src\share\vm\prims\jvm.cpp:1244
Event: 9.760 Thread 0x0000000002438800 Threw 0x00000007dd0b3c00 at C:\re\jdk7u67\1368\hotspot\src\share\vm\prims\jvm.cpp:1244
Event: 9.761 Thread 0x0000000002438800 Threw 0x00000007dd0c0368 at C:\re\jdk7u67\1368\hotspot\src\share\vm\prims\jvm.cpp:1244
Event: 9.761 Thread 0x0000000002438800 Threw 0x00000007dd0c0b60 at C:\re\jdk7u67\1368\hotspot\src\share\vm\prims\jvm.cpp:1244
Event: 10.027 Thread 0x0000000002438800 Threw 0x00000007d6e03710 at C:\re\jdk7u67\1368\hotspot\src\share\vm\prims\jvm.cpp:1244
Event: 10.027 Thread 0x0000000002438800 Threw 0x00000007d6e03cc8 at C:\re\jdk7u67\1368\hotspot\src\share\vm\prims\jvm.cpp:1244

Events (10 events):
Event: 10.023 loading class 0x000000000de43230 done
Event: 10.030 Thread 0x000000000ea5a800 Thread added: 0x000000000ea5a800
Event: 10.031 Executing VM operation: RevokeBias
Event: 10.031 Executing VM operation: RevokeBias done
Event: 10.031 Thread 0x000000000ea5a800 Thread exited: 0x000000000ea5a800
Event: 10.031 Executing VM operation: RevokeBias
Event: 10.032 Executing VM operation: RevokeBias done
Event: 10.033 Executing VM operation: RevokeBias
Event: 10.035 Executing VM operation: RevokeBias done
Event: 10.035 Executing VM operation: Exit


Dynamic libraries:
0x000000013f4b0000 - 0x000000013f4e3000 	D:\ludaima\environment\JDK7_64\bin\javaw.exe
0x0000000077290000 - 0x000000007742f000 	C:\Windows\SYSTEM32\ntdll.dll
0x0000000076f30000 - 0x000000007704f000 	C:\Windows\system32\kernel32.dll
0x000007fefcf70000 - 0x000007fefcfda000 	C:\Windows\system32\KERNELBASE.dll
0x000007fefd6f0000 - 0x000007fefd7cb000 	C:\Windows\system32\ADVAPI32.dll
0x000007fefdb80000 - 0x000007fefdc1f000 	C:\Windows\system32\msvcrt.dll
0x000007fefd630000 - 0x000007fefd64f000 	C:\Windows\SYSTEM32\sechost.dll
0x000007fefd870000 - 0x000007fefd99d000 	C:\Windows\system32\RPCRT4.dll
0x0000000077190000 - 0x000000007728a000 	C:\Windows\system32\USER32.dll
0x000007fefd320000 - 0x000007fefd387000 	C:\Windows\system32\GDI32.dll
0x000007fefd650000 - 0x000007fefd65e000 	C:\Windows\system32\LPK.dll
0x000007fefdc20000 - 0x000007fefdceb000 	C:\Windows\system32\USP10.dll
0x000007fefbdb0000 - 0x000007fefbfa4000 	C:\Windows\WinSxS\amd64_microsoft.windows.common-controls_6595b64144ccf1df_6.0.7601.18837_none_fa3b1e3d17594757\COMCTL32.dll
0x000007fefd190000 - 0x000007fefd201000 	C:\Windows\system32\SHLWAPI.dll
0x000007fefd2f0000 - 0x000007fefd31e000 	C:\Windows\system32\IMM32.DLL
0x000007fefd520000 - 0x000007fefd629000 	C:\Windows\system32\MSCTF.dll
0x000000006aa00000 - 0x000000006aad2000 	D:\ludaima\environment\JDK7_64\jre\bin\msvcr100.dll
0x000000006c3c0000 - 0x000000006cb92000 	D:\ludaima\environment\JDK7_64\jre\bin\server\jvm.dll
0x000007fef24b0000 - 0x000007fef24b9000 	C:\Windows\system32\WSOCK32.dll
0x000007fefe000000 - 0x000007fefe04d000 	C:\Windows\system32\WS2_32.dll
0x000007fefdff0000 - 0x000007fefdff8000 	C:\Windows\system32\NSI.dll
0x000007fefcd90000 - 0x000007fefcdcb000 	C:\Windows\system32\WINMM.dll
0x0000000077430000 - 0x0000000077437000 	C:\Windows\system32\PSAPI.DLL
0x0000000073690000 - 0x000000007369f000 	D:\ludaima\environment\JDK7_64\jre\bin\verify.dll
0x0000000073660000 - 0x0000000073688000 	D:\ludaima\environment\JDK7_64\jre\bin\java.dll
0x000000006a9c0000 - 0x000000006a9f5000 	D:\ludaima\environment\JDK7_64\jre\bin\jdwp.dll
0x000000006a9b0000 - 0x000000006a9b8000 	D:\ludaima\environment\JDK7_64\jre\bin\npt.dll
0x0000000073640000 - 0x0000000073655000 	D:\ludaima\environment\JDK7_64\jre\bin\zip.dll
0x000000006b770000 - 0x000000006b779000 	D:\ludaima\environment\JDK7_64\jre\bin\dt_socket.dll
0x000007fefb300000 - 0x000007fefb315000 	C:\Windows\system32\NLAapi.dll
0x000007fef9b20000 - 0x000007fef9b35000 	C:\Windows\system32\napinsp.dll
0x000007fef9b00000 - 0x000007fef9b19000 	C:\Windows\system32\pnrpnsp.dll
0x000007fefc4d0000 - 0x000007fefc525000 	C:\Windows\System32\mswsock.dll
0x000007fefc350000 - 0x000007fefc3ab000 	C:\Windows\system32\DNSAPI.dll
0x000007fef9af0000 - 0x000007fef9afb000 	C:\Windows\System32\winrnr.dll
0x000007fef9ae0000 - 0x000007fef9af0000 	C:\Windows\system32\wshbth.dll
0x00000000704c0000 - 0x00000000704e6000 	C:\Program Files\Bonjour\mdnsNSP.dll
0x000007fefafc0000 - 0x000007fefafe7000 	C:\Windows\system32\Iphlpapi.DLL
0x000007fefafb0000 - 0x000007fefafbb000 	C:\Windows\system32\WINNSI.DLL
0x000007fefa6b0000 - 0x000007fefa703000 	C:\Windows\System32\fwpuclnt.dll
0x000007fef4e10000 - 0x000007fef4e18000 	C:\Windows\system32\rasadhlp.dll
0x000007fefbb50000 - 0x000007fefbb57000 	C:\Windows\System32\wshtcpip.dll
0x00000000735c0000 - 0x00000000735d9000 	D:\ludaima\environment\JDK7_64\jre\bin\net.dll
0x000007fefc4c0000 - 0x000007fefc4c7000 	C:\Windows\System32\wship6.dll
0x00000000735a0000 - 0x00000000735b1000 	D:\ludaima\environment\JDK7_64\jre\bin\nio.dll
0x000007feec8c0000 - 0x000007feec9e5000 	C:\Windows\system32\dbghelp.dll

VM Arguments:
jvm_args: -agentlib:jdwp=transport=dt_socket,suspend=y,address=localhost:60270 -Dmaven.multiModuleProjectDirectory -Dmaven.home=D:\ludaima\environment\jeecg-maven-3.7.2-bin -Dclassworlds.conf=D:\ludaima\project\maro\.metadata\.plugins\org.eclipse.m2e.launching\launches\m2conf6502379069894913979.tmp -Dfile.encoding=UTF-8 
java_command: org.codehaus.plexus.classworlds.launcher.Launcher -B -s D:\ludaima\environment\jeecg-maven-3.7.2-bin\conf\settings.xml install
Launcher Type: SUN_STANDARD

Environment Variables:
JAVA_HOME=D:\ludaima\environment\JDK7_64
PATH=D:\ludaima\environment\JDK7_64\jre\bin;D:/ludaima/environment/JDK7_64/bin/../jre/bin/server;D:/ludaima/environment/JDK7_64/bin/../jre/bin;D:/ludaima/environment/JDK7_64/bin/../jre/lib/amd64;D:\ludaima\environment\jeecg-maven-3.7.2-bin\bin;D:\ludaima\environment\RabbitMQ Server\rabbitmq_server-3.6.9\sbin;D:\ludaima\environment\JDK7_64\bin;C:\Program Files (x86)\Intel\iCLS Client\;C:\Program Files\Intel\iCLS Client\;C:\Windows\system32;C:\Windows;C:\Windows\System32\Wbem;C:\Windows\System32\WindowsPowerShell\v1.0\;C:\Program Files\WIDCOMM\Bluetooth Software\;C:\Program Files\WIDCOMM\Bluetooth Software\syswow64;;C:\Program Files\Intel\Intel(R) Management Engine Components\DAL;C:\Program Files\Intel\Intel(R) Management Engine Components\IPT;C:\Program Files (x86)\Intel\Intel(R) Management Engine Components\DAL;C:\Program Files (x86)\Intel\Intel(R) Management Engine Components\IPTts\IPT;C:\Program Files\Intel\WiFi\bin\;C:\Program Files\Common Files\Intel\WirelessCommon\;C:\Program Files\TortoiseSVN\bin;C:\Program Files\MySQL\MySQL Utilities 1.6\;D:\ruanjian\DriverGenius;D:\ruanjian\DriverGenius\ksoft;D:\ludaima\environment\eclipse;
USERNAME=Administrator
OS=Windows_NT
PROCESSOR_IDENTIFIER=Intel64 Family 6 Model 58 Stepping 9, GenuineIntel



---------------  S Y S T E M  ---------------

OS: Windows 7 , 64 bit Build 7601 Service Pack 1

CPU:total 4 (2 cores per cpu, 2 threads per core) family 6 model 58 stepping 9, cmov, cx8, fxsr, mmx, sse, sse2, sse3, ssse3, sse4.1, sse4.2, popcnt, avx, aes, erms, ht, tsc, tscinvbit, tscinv

Memory: 4k page, physical 8078128k(1709880k free), swap 16154380k(9369356k free)

vm_info: Java HotSpot(TM) 64-Bit Server VM (24.65-b04) for windows-amd64 JRE (1.7.0_67-b01), built on Jul 25 2014 08:55:00 by "java_re" with unknown MS VC++:1600

time: Mon Nov 12 14:31:12 2018
elapsed time: 10 seconds

