[2018-11-23 10:30:27] [INFO] [org.jeecgframework.minidao.aop.MiniDaoHandler:48] register minidao name is { com.maro.platform.web.system.dao.JeecgDictDao }
[2018-11-23 10:30:27] [INFO] [org.jeecgframework.minidao.aop.MiniDaoHandler:48] register minidao name is { com.maro.platform.web.system.dao.MaroMqSynchronousDao }
[2018-11-23 10:30:27] [INFO] [org.jeecgframework.minidao.aop.MiniDaoHandler:48] register minidao name is { com.jeecg.core.biz.dao.TSOperationDao }
[2018-11-23 10:30:27] [INFO] [org.jeecgframework.minidao.aop.MiniDaoHandler:48] register minidao name is { com.jeecg.core.biz.mutiLang.dao.P3MutiLangDao }
[2018-11-23 10:30:27] [INFO] [org.jeecgframework.minidao.aop.MiniDaoHandler:48] register minidao name is { com.jeecg.core.biz.tag.select.dict.dao.TSTypeDao }
[2018-11-23 10:30:27] [INFO] [org.jeecgframework.minidao.aop.MiniDaoHandler:48] register minidao name is { com.jeecg.core.biz.tag.select.table.dao.CustomTableDao }
[2018-11-23 10:30:27] [INFO] [org.jeecgframework.minidao.aop.MiniDaoHandler:48] register minidao name is { com.jeecg.actInvite.dao.WxActInviteDao }
[2018-11-23 10:30:27] [INFO] [org.jeecgframework.minidao.aop.MiniDaoHandler:48] register minidao name is { com.jeecg.auth.dao.JwSystemAuthDao }
[2018-11-23 10:30:27] [INFO] [org.jeecgframework.minidao.aop.MiniDaoHandler:48] register minidao name is { com.jeecg.domo.order.dao.JpDemoOrderCustomDao }
[2018-11-23 10:30:27] [INFO] [org.jeecgframework.minidao.aop.MiniDaoHandler:48] register minidao name is { com.jeecg.domo.order.dao.JpDemoOrderMainDao }
[2018-11-23 10:30:27] [INFO] [org.jeecgframework.minidao.aop.MiniDaoHandler:48] register minidao name is { com.jeecg.domo.order.dao.JpDemoOrderProductDao }
[2018-11-23 10:30:27] [INFO] [org.jeecgframework.minidao.aop.MiniDaoHandler:48] register minidao name is { com.jeecg.mail.dao.P3MailJformInnerMailAttachDao }
[2018-11-23 10:30:27] [INFO] [org.jeecgframework.minidao.aop.MiniDaoHandler:48] register minidao name is { com.jeecg.mail.dao.P3MailJformInnerMailDao }
[2018-11-23 10:30:27] [INFO] [org.jeecgframework.minidao.aop.MiniDaoHandler:48] register minidao name is { com.jeecg.mail.dao.P3MailJformInnerMailReceiverDao }
[2018-11-23 10:30:27] [INFO] [org.jeecgframework.minidao.aop.MiniDaoHandler:48] register minidao name is { com.jeecg.mail.dao.P3MailTSBaseUserDao }
[2018-11-23 10:30:27] [INFO] [org.jeecgframework.minidao.aop.MiniDaoHandler:48] register minidao name is { com.jeecg.mail.dao.P3MailTSUserDao }
[2018-11-23 10:30:27] [INFO] [org.jeecgframework.minidao.aop.MiniDaoHandler:48] register minidao name is { com.jeecg.chat.dao.ChatMessageHistoryDao }
[2018-11-23 10:30:27] [INFO] [org.jeecgframework.minidao.aop.MiniDaoHandler:48] register minidao name is { com.jeecg.chat.dao.ImDao }
[2018-11-23 10:30:27] [INFO] [org.jeecgframework.minidao.aop.MiniDaoHandler:48] register minidao name is { com.maro.manager.common.dao.UtilDao }
[2018-11-23 10:30:27] [INFO] [org.jeecgframework.minidao.aop.MiniDaoHandler:48] register minidao name is { com.maro.manager.discount.dao.MaroDiscountDao }
[2018-11-23 10:30:27] [INFO] [org.jeecgframework.minidao.aop.MiniDaoHandler:48] register minidao name is { com.maro.manager.dishes.dishes.dao.MaroDishesDao }
[2018-11-23 10:30:27] [INFO] [org.jeecgframework.minidao.aop.MiniDaoHandler:48] register minidao name is { com.maro.manager.dishes.dishesclassification.dao.MaroDishesClassificationDao }
[2018-11-23 10:30:27] [INFO] [org.jeecgframework.minidao.aop.MiniDaoHandler:48] register minidao name is { com.maro.manager.dishes.materialclass.dao.MaroMaterialClassDao }
[2018-11-23 10:30:27] [INFO] [org.jeecgframework.minidao.aop.MiniDaoHandler:48] register minidao name is { com.maro.manager.dishes.setmeal.dao.MaroSetmealDao }
[2018-11-23 10:30:27] [INFO] [org.jeecgframework.minidao.aop.MiniDaoHandler:48] register minidao name is { com.maro.manager.dishes.specificationsfoodcosts.dao.MaroSpecificationsFoodCostsDao }
[2018-11-23 10:30:27] [INFO] [org.jeecgframework.minidao.aop.MiniDaoHandler:48] register minidao name is { com.maro.manager.dishes.specificationsprice.dao.MaroSpecificationsPriceDao }
[2018-11-23 10:30:27] [INFO] [org.jeecgframework.minidao.aop.MiniDaoHandler:48] register minidao name is { com.maro.manager.groupdiscount.dao.MaroGroupDiscountDao }
[2018-11-23 10:30:27] [INFO] [org.jeecgframework.minidao.aop.MiniDaoHandler:48] register minidao name is { com.maro.manager.maroprint.maroprinter.dao.MaroPrinterDao }
[2018-11-23 10:30:27] [INFO] [org.jeecgframework.minidao.aop.MiniDaoHandler:48] register minidao name is { com.maro.manager.mq.dao.MqDao }
[2018-11-23 10:30:27] [INFO] [org.jeecgframework.minidao.aop.MiniDaoHandler:48] register minidao name is { com.maro.manager.report.dao.ReportDao }
[2018-11-23 10:30:27] [INFO] [org.jeecgframework.minidao.aop.MiniDaoHandler:48] register minidao name is { com.maro.manager.shop.reserve.dao.MaroClientReserveDao }
[2018-11-23 10:30:27] [INFO] [org.jeecgframework.minidao.aop.MiniDaoHandler:48] register minidao name is { com.maro.manager.shop.shop.dao.MaroShopDao }
[2018-11-23 10:30:27] [INFO] [org.jeecgframework.minidao.aop.MiniDaoHandler:48] register minidao name is { com.maro.manager.specialoffer.dao.MaroSpecialOfferDao }
[2018-11-23 10:30:27] [INFO] [org.jeecgframework.minidao.aop.MiniDaoHandler:48] register minidao name is { com.maro.manager.store.purchase.dao.MaroPurchaseDao }
[2018-11-23 10:30:27] [INFO] [org.jeecgframework.minidao.aop.MiniDaoHandler:48] register minidao name is { com.maro.manager.store.storeflow.dao.MaroStoreFlowDao }
[2018-11-23 10:30:27] [INFO] [org.jeecgframework.minidao.aop.MiniDaoHandler:48] register minidao name is { com.maro.manager.store.storegoods.dao.MaroStoreGoodsDao }
[2018-11-23 10:30:27] [INFO] [org.jeecgframework.minidao.aop.MiniDaoHandler:48] register minidao name is { com.maro.common.dishes.dishes.dao.MaroCommonDishesDao }
[2018-11-23 10:30:27] [INFO] [org.jeecgframework.minidao.aop.MiniDaoHandler:48] register minidao name is { com.maro.common.finance.account.dao.MaroCommonAccountDao }
[2018-11-23 10:30:27] [INFO] [org.jeecgframework.minidao.aop.MiniDaoHandler:48] register minidao name is { com.maro.common.finance.operatin.dao.MaroCommonOperatinDao }
[2018-11-23 10:30:27] [INFO] [org.jeecgframework.minidao.aop.MiniDaoHandler:48] register minidao name is { com.maro.common.shop.dao.MaroCommonShopDao }
[2018-11-23 10:30:27] [INFO] [org.jeecgframework.minidao.aop.MiniDaoHandler:48] register minidao name is { com.maro.common.users.member.dao.MaroCommonMemberDao }
[2018-11-23 10:30:27] [INFO] [org.jeecgframework.minidao.aop.MiniDaoHandler:48] register minidao name is { com.maro.common.users.tsuser.dao.MaroCommonUserServiceDao }
[2018-11-23 10:30:27] [INFO] [org.jeecgframework.minidao.aop.MiniDaoHandler:48] register minidao name is { com.maro.client.module.machinenumber.dao.MaroMachineNumberDao }
[2018-11-23 10:30:27] [INFO] [org.jeecgframework.minidao.aop.MiniDaoHandler:48] register minidao name is { com.maro.client.module.serverorder.dao.MaroClientServerorderDAO }
[2018-11-23 10:30:27] [INFO] [org.jeecgframework.minidao.aop.MiniDaoHandler:48] register minidao name is { com.maro.client.module.serverorder.dao.ServerOrderApplyDao }
[2018-11-23 10:30:28] [INFO] [com.maro.platform.core.timer.DataBaseSchedulerFactoryBean:111] Spring's Quartz 1.x support is deprecated - please upgrade to Quartz 2.0+
[2018-11-23 10:30:29] [INFO] [com.alibaba.druid.pool.DruidDataSource:450] {dataSource-1} inited
[2018-11-23 10:30:32] [WARN] [org.hibernate.id.UUIDHexGenerator:59] HHH000409: Using org.hibernate.id.UUIDHexGenerator which does not generate IETF RFC 4122 compliant UUID values; consider using org.hibernate.id.UUIDGenerator instead
[2018-11-23 10:30:37] [INFO] [org.quartz.core.SchedulerSignalerImpl:63] Initialized Scheduler Signaller of type: class org.quartz.core.SchedulerSignalerImpl
[2018-11-23 10:30:37] [INFO] [org.quartz.core.QuartzScheduler:215] Quartz Scheduler v.1.6.2 created.
[2018-11-23 10:30:37] [INFO] [org.quartz.simpl.RAMJobStore:141] RAMJobStore initialized.
[2018-11-23 10:30:37] [INFO] [org.quartz.impl.StdSchedulerFactory:1224] Quartz scheduler 'schedulerFactory' initialized from an externally provided properties instance.
[2018-11-23 10:30:37] [INFO] [org.quartz.impl.StdSchedulerFactory:1228] Quartz scheduler version: 1.6.2
[2018-11-23 10:30:37] [INFO] [org.quartz.core.QuartzScheduler:2094] JobFactory set to: com.maro.platform.web.system.sms.util.JQuartzJobFactory@441dcc77
[2018-11-23 10:30:38] [INFO] [com.maro.platform.core.timer.DynamicTask:175]  register time task class num is [0] 
[2018-11-23 10:30:44] [INFO] [com.maro.platform.core.timer.DataBaseSchedulerFactoryBean:648] Starting Quartz Scheduler now
[2018-11-23 10:30:44] [INFO] [org.quartz.core.QuartzScheduler:461] Scheduler schedulerFactory_$_NON_CLUSTERED started.
[2018-11-23 10:30:44] [INFO] [springfox.documentation.spring.web.plugins.DocumentationPluginsBootstrapper:84] Context refreshed
[2018-11-23 10:30:44] [INFO] [springfox.documentation.spring.web.plugins.DocumentationPluginsBootstrapper:87] Found 1 custom documentation plugin(s)
[2018-11-23 10:30:44] [INFO] [springfox.documentation.spring.web.scanners.ApiListingReferenceScanner:44] Scanning for api listing references
[2018-11-23 10:30:44] [INFO] [springfox.documentation.spring.web.readers.operation.CachingOperationNameGenerator:40] Generating unique operation named: createUsingPOST_1
[2018-11-23 10:30:44] [INFO] [springfox.documentation.spring.web.readers.operation.CachingOperationNameGenerator:40] Generating unique operation named: deleteUsingDELETE_1
[2018-11-23 10:30:44] [INFO] [springfox.documentation.spring.web.readers.operation.CachingOperationNameGenerator:40] Generating unique operation named: getUsingGET_1
[2018-11-23 10:30:44] [INFO] [springfox.documentation.spring.web.readers.operation.CachingOperationNameGenerator:40] Generating unique operation named: listUsingGET_1
[2018-11-23 10:30:44] [INFO] [springfox.documentation.spring.web.readers.operation.CachingOperationNameGenerator:40] Generating unique operation named: updateUsingPUT_1
[2018-11-23 10:30:44] [INFO] [springfox.documentation.spring.web.readers.operation.CachingOperationNameGenerator:40] Generating unique operation named: createUsingPOST_2
[2018-11-23 10:30:44] [INFO] [springfox.documentation.spring.web.readers.operation.CachingOperationNameGenerator:40] Generating unique operation named: deleteUsingDELETE_2
[2018-11-23 10:30:44] [INFO] [springfox.documentation.spring.web.readers.operation.CachingOperationNameGenerator:40] Generating unique operation named: getUsingGET_2
[2018-11-23 10:30:44] [INFO] [springfox.documentation.spring.web.readers.operation.CachingOperationNameGenerator:40] Generating unique operation named: listUsingGET_2
[2018-11-23 10:30:44] [INFO] [springfox.documentation.spring.web.readers.operation.CachingOperationNameGenerator:40] Generating unique operation named: updateUsingPUT_2
[2018-11-23 10:30:44] [INFO] [springfox.documentation.spring.web.readers.operation.CachingOperationNameGenerator:40] Generating unique operation named: createUsingPOST_3
[2018-11-23 10:30:45] [INFO] [springfox.documentation.spring.web.readers.operation.CachingOperationNameGenerator:40] Generating unique operation named: deleteUsingDELETE_3
[2018-11-23 10:30:45] [INFO] [springfox.documentation.spring.web.readers.operation.CachingOperationNameGenerator:40] Generating unique operation named: getUsingGET_3
[2018-11-23 10:30:45] [INFO] [springfox.documentation.spring.web.readers.operation.CachingOperationNameGenerator:40] Generating unique operation named: listUsingGET_3
[2018-11-23 10:30:45] [INFO] [springfox.documentation.spring.web.readers.operation.CachingOperationNameGenerator:40] Generating unique operation named: updateUsingPUT_3
[2018-11-23 10:30:45] [INFO] [springfox.documentation.spring.web.readers.operation.CachingOperationNameGenerator:40] Generating unique operation named: createUsingPOST_4
[2018-11-23 10:30:45] [INFO] [springfox.documentation.spring.web.readers.operation.CachingOperationNameGenerator:40] Generating unique operation named: deleteUsingDELETE_4
[2018-11-23 10:30:45] [INFO] [springfox.documentation.spring.web.readers.operation.CachingOperationNameGenerator:40] Generating unique operation named: getUsingGET_4
[2018-11-23 10:30:45] [INFO] [springfox.documentation.spring.web.readers.operation.CachingOperationNameGenerator:40] Generating unique operation named: listUsingGET_4
[2018-11-23 10:30:45] [INFO] [springfox.documentation.spring.web.readers.operation.CachingOperationNameGenerator:40] Generating unique operation named: updateUsingPUT_4
[2018-11-23 10:30:45] [INFO] [springfox.documentation.spring.web.readers.operation.CachingOperationNameGenerator:40] Generating unique operation named: createUsingPOST_5
[2018-11-23 10:30:45] [INFO] [springfox.documentation.spring.web.readers.operation.CachingOperationNameGenerator:40] Generating unique operation named: deleteUsingDELETE_5
[2018-11-23 10:30:45] [INFO] [springfox.documentation.spring.web.readers.operation.CachingOperationNameGenerator:40] Generating unique operation named: getUsingGET_5
[2018-11-23 10:30:45] [INFO] [springfox.documentation.spring.web.readers.operation.CachingOperationNameGenerator:40] Generating unique operation named: listUsingGET_5
[2018-11-23 10:30:45] [INFO] [springfox.documentation.spring.web.readers.operation.CachingOperationNameGenerator:40] Generating unique operation named: updateUsingPUT_5
[2018-11-23 10:30:45] [INFO] [springfox.documentation.spring.web.readers.operation.CachingOperationNameGenerator:40] Generating unique operation named: createUsingPOST_6
[2018-11-23 10:30:45] [INFO] [springfox.documentation.spring.web.readers.operation.CachingOperationNameGenerator:40] Generating unique operation named: deleteUsingDELETE_6
[2018-11-23 10:30:45] [INFO] [springfox.documentation.spring.web.readers.operation.CachingOperationNameGenerator:40] Generating unique operation named: getUsingGET_6
[2018-11-23 10:30:45] [INFO] [springfox.documentation.spring.web.readers.operation.CachingOperationNameGenerator:40] Generating unique operation named: listUsingGET_6
[2018-11-23 10:30:45] [INFO] [springfox.documentation.spring.web.readers.operation.CachingOperationNameGenerator:40] Generating unique operation named: updateUsingPUT_6
[2018-11-23 10:30:45] [INFO] [springfox.documentation.spring.web.readers.operation.CachingOperationNameGenerator:40] Generating unique operation named: createUsingPOST_7
[2018-11-23 10:30:45] [INFO] [springfox.documentation.spring.web.readers.operation.CachingOperationNameGenerator:40] Generating unique operation named: deleteUsingDELETE_7
[2018-11-23 10:30:45] [INFO] [springfox.documentation.spring.web.readers.operation.CachingOperationNameGenerator:40] Generating unique operation named: getUsingGET_7
[2018-11-23 10:30:45] [INFO] [springfox.documentation.spring.web.readers.operation.CachingOperationNameGenerator:40] Generating unique operation named: listUsingGET_7
[2018-11-23 10:30:45] [INFO] [springfox.documentation.spring.web.readers.operation.CachingOperationNameGenerator:40] Generating unique operation named: updateUsingPUT_7
[2018-11-23 10:30:45] [INFO] [springfox.documentation.spring.web.readers.operation.CachingOperationNameGenerator:40] Generating unique operation named: createUsingPOST_8
[2018-11-23 10:30:45] [INFO] [springfox.documentation.spring.web.readers.operation.CachingOperationNameGenerator:40] Generating unique operation named: deleteUsingDELETE_8
[2018-11-23 10:30:45] [INFO] [springfox.documentation.spring.web.readers.operation.CachingOperationNameGenerator:40] Generating unique operation named: getUsingGET_8
[2018-11-23 10:30:45] [INFO] [springfox.documentation.spring.web.readers.operation.CachingOperationNameGenerator:40] Generating unique operation named: listUsingGET_8
[2018-11-23 10:30:45] [INFO] [springfox.documentation.spring.web.readers.operation.CachingOperationNameGenerator:40] Generating unique operation named: updateUsingPUT_8
[2018-11-23 10:30:45] [INFO] [springfox.documentation.spring.web.readers.operation.CachingOperationNameGenerator:40] Generating unique operation named: createUsingPOST_9
[2018-11-23 10:30:45] [INFO] [springfox.documentation.spring.web.readers.operation.CachingOperationNameGenerator:40] Generating unique operation named: deleteUsingDELETE_9
[2018-11-23 10:30:45] [INFO] [springfox.documentation.spring.web.readers.operation.CachingOperationNameGenerator:40] Generating unique operation named: getUsingGET_9
[2018-11-23 10:30:45] [INFO] [springfox.documentation.spring.web.readers.operation.CachingOperationNameGenerator:40] Generating unique operation named: listUsingGET_9
[2018-11-23 10:30:45] [INFO] [springfox.documentation.spring.web.readers.operation.CachingOperationNameGenerator:40] Generating unique operation named: updateUsingPUT_9
[2018-11-23 10:30:45] [INFO] [springfox.documentation.spring.web.readers.operation.CachingOperationNameGenerator:40] Generating unique operation named: createUsingPOST_10
[2018-11-23 10:30:45] [INFO] [springfox.documentation.spring.web.readers.operation.CachingOperationNameGenerator:40] Generating unique operation named: deleteUsingDELETE_10
[2018-11-23 10:30:45] [INFO] [springfox.documentation.spring.web.readers.operation.CachingOperationNameGenerator:40] Generating unique operation named: getUsingGET_10
[2018-11-23 10:30:45] [INFO] [springfox.documentation.spring.web.readers.operation.CachingOperationNameGenerator:40] Generating unique operation named: listUsingGET_10
[2018-11-23 10:30:45] [INFO] [springfox.documentation.spring.web.readers.operation.CachingOperationNameGenerator:40] Generating unique operation named: updateUsingPUT_10
[2018-11-23 10:30:45] [INFO] [springfox.documentation.spring.web.readers.operation.CachingOperationNameGenerator:40] Generating unique operation named: createUsingPOST_11
[2018-11-23 10:30:45] [INFO] [springfox.documentation.spring.web.readers.operation.CachingOperationNameGenerator:40] Generating unique operation named: deleteUsingDELETE_11
[2018-11-23 10:30:45] [INFO] [springfox.documentation.spring.web.readers.operation.CachingOperationNameGenerator:40] Generating unique operation named: getUsingGET_11
[2018-11-23 10:30:45] [INFO] [springfox.documentation.spring.web.readers.operation.CachingOperationNameGenerator:40] Generating unique operation named: listUsingGET_11
[2018-11-23 10:30:45] [INFO] [springfox.documentation.spring.web.readers.operation.CachingOperationNameGenerator:40] Generating unique operation named: updateUsingPUT_11
[2018-11-23 10:30:45] [INFO] [springfox.documentation.spring.web.readers.operation.CachingOperationNameGenerator:40] Generating unique operation named: createUsingPOST_12
[2018-11-23 10:30:45] [INFO] [springfox.documentation.spring.web.readers.operation.CachingOperationNameGenerator:40] Generating unique operation named: deleteUsingDELETE_12
[2018-11-23 10:30:45] [INFO] [springfox.documentation.spring.web.readers.operation.CachingOperationNameGenerator:40] Generating unique operation named: getUsingGET_12
[2018-11-23 10:30:45] [INFO] [springfox.documentation.spring.web.readers.operation.CachingOperationNameGenerator:40] Generating unique operation named: listUsingGET_12
[2018-11-23 10:30:45] [INFO] [springfox.documentation.spring.web.readers.operation.CachingOperationNameGenerator:40] Generating unique operation named: updateUsingPUT_12
[2018-11-23 10:30:45] [INFO] [springfox.documentation.spring.web.readers.operation.CachingOperationNameGenerator:40] Generating unique operation named: createUsingPOST_13
[2018-11-23 10:30:45] [INFO] [springfox.documentation.spring.web.readers.operation.CachingOperationNameGenerator:40] Generating unique operation named: deleteUsingDELETE_13
[2018-11-23 10:30:45] [INFO] [springfox.documentation.spring.web.readers.operation.CachingOperationNameGenerator:40] Generating unique operation named: getUsingGET_13
[2018-11-23 10:30:45] [INFO] [springfox.documentation.spring.web.readers.operation.CachingOperationNameGenerator:40] Generating unique operation named: listUsingGET_13
[2018-11-23 10:30:45] [INFO] [springfox.documentation.spring.web.readers.operation.CachingOperationNameGenerator:40] Generating unique operation named: updateUsingPUT_13
[2018-11-23 10:30:45] [INFO] [springfox.documentation.spring.web.readers.operation.CachingOperationNameGenerator:40] Generating unique operation named: createUsingPOST_14
[2018-11-23 10:30:45] [INFO] [springfox.documentation.spring.web.readers.operation.CachingOperationNameGenerator:40] Generating unique operation named: deleteUsingDELETE_14
[2018-11-23 10:30:45] [INFO] [springfox.documentation.spring.web.readers.operation.CachingOperationNameGenerator:40] Generating unique operation named: getUsingGET_14
[2018-11-23 10:30:45] [INFO] [springfox.documentation.spring.web.readers.operation.CachingOperationNameGenerator:40] Generating unique operation named: listUsingGET_14
[2018-11-23 10:30:45] [INFO] [springfox.documentation.spring.web.readers.operation.CachingOperationNameGenerator:40] Generating unique operation named: updateUsingPUT_14
[2018-11-23 10:30:45] [INFO] [springfox.documentation.spring.web.readers.operation.CachingOperationNameGenerator:40] Generating unique operation named: createUsingPOST_15
[2018-11-23 10:30:45] [INFO] [springfox.documentation.spring.web.readers.operation.CachingOperationNameGenerator:40] Generating unique operation named: deleteUsingDELETE_15
[2018-11-23 10:30:45] [INFO] [springfox.documentation.spring.web.readers.operation.CachingOperationNameGenerator:40] Generating unique operation named: getUsingGET_15
[2018-11-23 10:30:45] [INFO] [springfox.documentation.spring.web.readers.operation.CachingOperationNameGenerator:40] Generating unique operation named: listUsingGET_15
[2018-11-23 10:30:45] [INFO] [springfox.documentation.spring.web.readers.operation.CachingOperationNameGenerator:40] Generating unique operation named: updateUsingPUT_15
[2018-11-23 10:30:45] [INFO] [springfox.documentation.spring.web.readers.operation.CachingOperationNameGenerator:40] Generating unique operation named: createUsingPOST_16
[2018-11-23 10:30:45] [INFO] [springfox.documentation.spring.web.readers.operation.CachingOperationNameGenerator:40] Generating unique operation named: deleteUsingDELETE_16
[2018-11-23 10:30:45] [INFO] [springfox.documentation.spring.web.readers.operation.CachingOperationNameGenerator:40] Generating unique operation named: getUsingGET_16
[2018-11-23 10:30:45] [INFO] [springfox.documentation.spring.web.readers.operation.CachingOperationNameGenerator:40] Generating unique operation named: listUsingGET_16
[2018-11-23 10:30:45] [INFO] [springfox.documentation.spring.web.readers.operation.CachingOperationNameGenerator:40] Generating unique operation named: updateUsingPUT_16
[2018-11-23 10:30:45] [INFO] [springfox.documentation.spring.web.readers.operation.CachingOperationNameGenerator:40] Generating unique operation named: createUsingPOST_17
[2018-11-23 10:30:45] [INFO] [springfox.documentation.spring.web.readers.operation.CachingOperationNameGenerator:40] Generating unique operation named: deleteUsingDELETE_17
[2018-11-23 10:30:45] [INFO] [springfox.documentation.spring.web.readers.operation.CachingOperationNameGenerator:40] Generating unique operation named: getUsingGET_17
[2018-11-23 10:30:45] [INFO] [springfox.documentation.spring.web.readers.operation.CachingOperationNameGenerator:40] Generating unique operation named: listUsingGET_17
[2018-11-23 10:30:45] [INFO] [springfox.documentation.spring.web.readers.operation.CachingOperationNameGenerator:40] Generating unique operation named: updateUsingPUT_17
[2018-11-23 10:30:45] [INFO] [springfox.documentation.spring.web.readers.operation.CachingOperationNameGenerator:40] Generating unique operation named: createUsingPOST_18
[2018-11-23 10:30:45] [INFO] [springfox.documentation.spring.web.readers.operation.CachingOperationNameGenerator:40] Generating unique operation named: deleteUsingDELETE_18
[2018-11-23 10:30:45] [INFO] [springfox.documentation.spring.web.readers.operation.CachingOperationNameGenerator:40] Generating unique operation named: getUsingGET_18
[2018-11-23 10:30:45] [INFO] [springfox.documentation.spring.web.readers.operation.CachingOperationNameGenerator:40] Generating unique operation named: listUsingGET_18
[2018-11-23 10:30:45] [INFO] [springfox.documentation.spring.web.readers.operation.CachingOperationNameGenerator:40] Generating unique operation named: updateUsingPUT_18
[2018-11-23 10:30:45] [INFO] [springfox.documentation.spring.web.readers.operation.CachingOperationNameGenerator:40] Generating unique operation named: createUsingPOST_19
[2018-11-23 10:30:45] [INFO] [springfox.documentation.spring.web.readers.operation.CachingOperationNameGenerator:40] Generating unique operation named: deleteUsingDELETE_19
[2018-11-23 10:30:45] [INFO] [springfox.documentation.spring.web.readers.operation.CachingOperationNameGenerator:40] Generating unique operation named: getUsingGET_19
[2018-11-23 10:30:45] [INFO] [springfox.documentation.spring.web.readers.operation.CachingOperationNameGenerator:40] Generating unique operation named: listUsingGET_19
[2018-11-23 10:30:45] [INFO] [springfox.documentation.spring.web.readers.operation.CachingOperationNameGenerator:40] Generating unique operation named: updateUsingPUT_19
[2018-11-23 10:30:45] [INFO] [springfox.documentation.spring.web.readers.operation.CachingOperationNameGenerator:40] Generating unique operation named: createUsingPOST_20
[2018-11-23 10:30:45] [INFO] [springfox.documentation.spring.web.readers.operation.CachingOperationNameGenerator:40] Generating unique operation named: deleteUsingDELETE_20
[2018-11-23 10:30:45] [INFO] [springfox.documentation.spring.web.readers.operation.CachingOperationNameGenerator:40] Generating unique operation named: getUsingGET_20
[2018-11-23 10:30:45] [INFO] [springfox.documentation.spring.web.readers.operation.CachingOperationNameGenerator:40] Generating unique operation named: listUsingGET_20
[2018-11-23 10:30:45] [INFO] [springfox.documentation.spring.web.readers.operation.CachingOperationNameGenerator:40] Generating unique operation named: updateUsingPUT_20
[2018-11-23 10:30:45] [INFO] [springfox.documentation.spring.web.readers.operation.CachingOperationNameGenerator:40] Generating unique operation named: createUsingPOST_21
[2018-11-23 10:30:45] [INFO] [springfox.documentation.spring.web.readers.operation.CachingOperationNameGenerator:40] Generating unique operation named: deleteUsingDELETE_21
[2018-11-23 10:30:45] [INFO] [springfox.documentation.spring.web.readers.operation.CachingOperationNameGenerator:40] Generating unique operation named: getUsingGET_21
[2018-11-23 10:30:45] [INFO] [springfox.documentation.spring.web.readers.operation.CachingOperationNameGenerator:40] Generating unique operation named: listUsingGET_21
[2018-11-23 10:30:45] [INFO] [springfox.documentation.spring.web.readers.operation.CachingOperationNameGenerator:40] Generating unique operation named: updateUsingPUT_21
[2018-11-23 10:30:45] [INFO] [springfox.documentation.spring.web.readers.operation.CachingOperationNameGenerator:40] Generating unique operation named: createUsingPOST_22
[2018-11-23 10:30:45] [INFO] [springfox.documentation.spring.web.readers.operation.CachingOperationNameGenerator:40] Generating unique operation named: deleteUsingDELETE_22
[2018-11-23 10:30:45] [INFO] [springfox.documentation.spring.web.readers.operation.CachingOperationNameGenerator:40] Generating unique operation named: getUsingGET_22
[2018-11-23 10:30:45] [INFO] [springfox.documentation.spring.web.readers.operation.CachingOperationNameGenerator:40] Generating unique operation named: listUsingGET_22
[2018-11-23 10:30:45] [INFO] [springfox.documentation.spring.web.readers.operation.CachingOperationNameGenerator:40] Generating unique operation named: updateUsingPUT_22
[2018-11-23 10:30:52] [INFO] [springfox.documentation.spring.web.plugins.DocumentationPluginsBootstrapper:84] Context refreshed
[2018-11-23 10:30:52] [INFO] [springfox.documentation.spring.web.plugins.DocumentationPluginsBootstrapper:87] Found 1 custom documentation plugin(s)
[2018-11-23 10:30:52] [INFO] [springfox.documentation.spring.web.scanners.ApiListingReferenceScanner:44] Scanning for api listing references
[2018-11-23 10:30:52] [INFO] [springfox.documentation.spring.web.readers.operation.CachingOperationNameGenerator:40] Generating unique operation named: createUsingPOST_1
[2018-11-23 10:30:52] [INFO] [springfox.documentation.spring.web.readers.operation.CachingOperationNameGenerator:40] Generating unique operation named: deleteUsingDELETE_1
[2018-11-23 10:30:52] [INFO] [springfox.documentation.spring.web.readers.operation.CachingOperationNameGenerator:40] Generating unique operation named: getUsingGET_1
[2018-11-23 10:30:52] [INFO] [springfox.documentation.spring.web.readers.operation.CachingOperationNameGenerator:40] Generating unique operation named: listUsingGET_1
[2018-11-23 10:30:52] [INFO] [springfox.documentation.spring.web.readers.operation.CachingOperationNameGenerator:40] Generating unique operation named: updateUsingPUT_1
[2018-11-23 10:30:52] [INFO] [springfox.documentation.spring.web.readers.operation.CachingOperationNameGenerator:40] Generating unique operation named: createUsingPOST_2
[2018-11-23 10:30:52] [INFO] [springfox.documentation.spring.web.readers.operation.CachingOperationNameGenerator:40] Generating unique operation named: deleteUsingDELETE_2
[2018-11-23 10:30:52] [INFO] [springfox.documentation.spring.web.readers.operation.CachingOperationNameGenerator:40] Generating unique operation named: getUsingGET_2
[2018-11-23 10:30:52] [INFO] [springfox.documentation.spring.web.readers.operation.CachingOperationNameGenerator:40] Generating unique operation named: listUsingGET_2
[2018-11-23 10:30:52] [INFO] [springfox.documentation.spring.web.readers.operation.CachingOperationNameGenerator:40] Generating unique operation named: updateUsingPUT_2
[2018-11-23 10:30:52] [INFO] [springfox.documentation.spring.web.readers.operation.CachingOperationNameGenerator:40] Generating unique operation named: createUsingPOST_3
[2018-11-23 10:30:52] [INFO] [springfox.documentation.spring.web.readers.operation.CachingOperationNameGenerator:40] Generating unique operation named: deleteUsingDELETE_3
[2018-11-23 10:30:52] [INFO] [springfox.documentation.spring.web.readers.operation.CachingOperationNameGenerator:40] Generating unique operation named: getUsingGET_3
[2018-11-23 10:30:52] [INFO] [springfox.documentation.spring.web.readers.operation.CachingOperationNameGenerator:40] Generating unique operation named: listUsingGET_3
[2018-11-23 10:30:52] [INFO] [springfox.documentation.spring.web.readers.operation.CachingOperationNameGenerator:40] Generating unique operation named: updateUsingPUT_3
[2018-11-23 10:30:52] [INFO] [springfox.documentation.spring.web.readers.operation.CachingOperationNameGenerator:40] Generating unique operation named: createUsingPOST_4
[2018-11-23 10:30:52] [INFO] [springfox.documentation.spring.web.readers.operation.CachingOperationNameGenerator:40] Generating unique operation named: deleteUsingDELETE_4
[2018-11-23 10:30:52] [INFO] [springfox.documentation.spring.web.readers.operation.CachingOperationNameGenerator:40] Generating unique operation named: getUsingGET_4
[2018-11-23 10:30:52] [INFO] [springfox.documentation.spring.web.readers.operation.CachingOperationNameGenerator:40] Generating unique operation named: listUsingGET_4
[2018-11-23 10:30:52] [INFO] [springfox.documentation.spring.web.readers.operation.CachingOperationNameGenerator:40] Generating unique operation named: updateUsingPUT_4
[2018-11-23 10:30:52] [INFO] [springfox.documentation.spring.web.readers.operation.CachingOperationNameGenerator:40] Generating unique operation named: createUsingPOST_5
[2018-11-23 10:30:52] [INFO] [springfox.documentation.spring.web.readers.operation.CachingOperationNameGenerator:40] Generating unique operation named: deleteUsingDELETE_5
[2018-11-23 10:30:52] [INFO] [springfox.documentation.spring.web.readers.operation.CachingOperationNameGenerator:40] Generating unique operation named: getUsingGET_5
[2018-11-23 10:30:52] [INFO] [springfox.documentation.spring.web.readers.operation.CachingOperationNameGenerator:40] Generating unique operation named: listUsingGET_5
[2018-11-23 10:30:52] [INFO] [springfox.documentation.spring.web.readers.operation.CachingOperationNameGenerator:40] Generating unique operation named: updateUsingPUT_5
[2018-11-23 10:30:52] [INFO] [springfox.documentation.spring.web.readers.operation.CachingOperationNameGenerator:40] Generating unique operation named: createUsingPOST_6
[2018-11-23 10:30:52] [INFO] [springfox.documentation.spring.web.readers.operation.CachingOperationNameGenerator:40] Generating unique operation named: deleteUsingDELETE_6
[2018-11-23 10:30:52] [INFO] [springfox.documentation.spring.web.readers.operation.CachingOperationNameGenerator:40] Generating unique operation named: getUsingGET_6
[2018-11-23 10:30:52] [INFO] [springfox.documentation.spring.web.readers.operation.CachingOperationNameGenerator:40] Generating unique operation named: listUsingGET_6
[2018-11-23 10:30:52] [INFO] [springfox.documentation.spring.web.readers.operation.CachingOperationNameGenerator:40] Generating unique operation named: updateUsingPUT_6
[2018-11-23 10:30:52] [INFO] [springfox.documentation.spring.web.readers.operation.CachingOperationNameGenerator:40] Generating unique operation named: createUsingPOST_7
[2018-11-23 10:30:52] [INFO] [springfox.documentation.spring.web.readers.operation.CachingOperationNameGenerator:40] Generating unique operation named: deleteUsingDELETE_7
[2018-11-23 10:30:52] [INFO] [springfox.documentation.spring.web.readers.operation.CachingOperationNameGenerator:40] Generating unique operation named: getUsingGET_7
[2018-11-23 10:30:52] [INFO] [springfox.documentation.spring.web.readers.operation.CachingOperationNameGenerator:40] Generating unique operation named: listUsingGET_7
[2018-11-23 10:30:52] [INFO] [springfox.documentation.spring.web.readers.operation.CachingOperationNameGenerator:40] Generating unique operation named: updateUsingPUT_7
[2018-11-23 10:30:52] [INFO] [springfox.documentation.spring.web.readers.operation.CachingOperationNameGenerator:40] Generating unique operation named: createUsingPOST_8
[2018-11-23 10:30:52] [INFO] [springfox.documentation.spring.web.readers.operation.CachingOperationNameGenerator:40] Generating unique operation named: deleteUsingDELETE_8
[2018-11-23 10:30:52] [INFO] [springfox.documentation.spring.web.readers.operation.CachingOperationNameGenerator:40] Generating unique operation named: getUsingGET_8
[2018-11-23 10:30:52] [INFO] [springfox.documentation.spring.web.readers.operation.CachingOperationNameGenerator:40] Generating unique operation named: listUsingGET_8
[2018-11-23 10:30:52] [INFO] [springfox.documentation.spring.web.readers.operation.CachingOperationNameGenerator:40] Generating unique operation named: updateUsingPUT_8
[2018-11-23 10:30:52] [INFO] [springfox.documentation.spring.web.readers.operation.CachingOperationNameGenerator:40] Generating unique operation named: createUsingPOST_9
[2018-11-23 10:30:52] [INFO] [springfox.documentation.spring.web.readers.operation.CachingOperationNameGenerator:40] Generating unique operation named: deleteUsingDELETE_9
[2018-11-23 10:30:52] [INFO] [springfox.documentation.spring.web.readers.operation.CachingOperationNameGenerator:40] Generating unique operation named: getUsingGET_9
[2018-11-23 10:30:52] [INFO] [springfox.documentation.spring.web.readers.operation.CachingOperationNameGenerator:40] Generating unique operation named: listUsingGET_9
[2018-11-23 10:30:52] [INFO] [springfox.documentation.spring.web.readers.operation.CachingOperationNameGenerator:40] Generating unique operation named: updateUsingPUT_9
[2018-11-23 10:30:52] [INFO] [springfox.documentation.spring.web.readers.operation.CachingOperationNameGenerator:40] Generating unique operation named: createUsingPOST_10
[2018-11-23 10:30:52] [INFO] [springfox.documentation.spring.web.readers.operation.CachingOperationNameGenerator:40] Generating unique operation named: deleteUsingDELETE_10
[2018-11-23 10:30:52] [INFO] [springfox.documentation.spring.web.readers.operation.CachingOperationNameGenerator:40] Generating unique operation named: getUsingGET_10
[2018-11-23 10:30:52] [INFO] [springfox.documentation.spring.web.readers.operation.CachingOperationNameGenerator:40] Generating unique operation named: listUsingGET_10
[2018-11-23 10:30:52] [INFO] [springfox.documentation.spring.web.readers.operation.CachingOperationNameGenerator:40] Generating unique operation named: updateUsingPUT_10
[2018-11-23 10:30:52] [INFO] [springfox.documentation.spring.web.readers.operation.CachingOperationNameGenerator:40] Generating unique operation named: createUsingPOST_11
[2018-11-23 10:30:52] [INFO] [springfox.documentation.spring.web.readers.operation.CachingOperationNameGenerator:40] Generating unique operation named: deleteUsingDELETE_11
[2018-11-23 10:30:52] [INFO] [springfox.documentation.spring.web.readers.operation.CachingOperationNameGenerator:40] Generating unique operation named: getUsingGET_11
[2018-11-23 10:30:52] [INFO] [springfox.documentation.spring.web.readers.operation.CachingOperationNameGenerator:40] Generating unique operation named: listUsingGET_11
[2018-11-23 10:30:52] [INFO] [springfox.documentation.spring.web.readers.operation.CachingOperationNameGenerator:40] Generating unique operation named: updateUsingPUT_11
[2018-11-23 10:30:52] [INFO] [springfox.documentation.spring.web.readers.operation.CachingOperationNameGenerator:40] Generating unique operation named: createUsingPOST_12
[2018-11-23 10:30:52] [INFO] [springfox.documentation.spring.web.readers.operation.CachingOperationNameGenerator:40] Generating unique operation named: deleteUsingDELETE_12
[2018-11-23 10:30:52] [INFO] [springfox.documentation.spring.web.readers.operation.CachingOperationNameGenerator:40] Generating unique operation named: getUsingGET_12
[2018-11-23 10:30:52] [INFO] [springfox.documentation.spring.web.readers.operation.CachingOperationNameGenerator:40] Generating unique operation named: listUsingGET_12
[2018-11-23 10:30:52] [INFO] [springfox.documentation.spring.web.readers.operation.CachingOperationNameGenerator:40] Generating unique operation named: updateUsingPUT_12
[2018-11-23 10:30:52] [INFO] [springfox.documentation.spring.web.readers.operation.CachingOperationNameGenerator:40] Generating unique operation named: createUsingPOST_13
[2018-11-23 10:30:52] [INFO] [springfox.documentation.spring.web.readers.operation.CachingOperationNameGenerator:40] Generating unique operation named: deleteUsingDELETE_13
[2018-11-23 10:30:52] [INFO] [springfox.documentation.spring.web.readers.operation.CachingOperationNameGenerator:40] Generating unique operation named: getUsingGET_13
[2018-11-23 10:30:52] [INFO] [springfox.documentation.spring.web.readers.operation.CachingOperationNameGenerator:40] Generating unique operation named: listUsingGET_13
[2018-11-23 10:30:52] [INFO] [springfox.documentation.spring.web.readers.operation.CachingOperationNameGenerator:40] Generating unique operation named: updateUsingPUT_13
[2018-11-23 10:30:52] [INFO] [springfox.documentation.spring.web.readers.operation.CachingOperationNameGenerator:40] Generating unique operation named: createUsingPOST_14
[2018-11-23 10:30:52] [INFO] [springfox.documentation.spring.web.readers.operation.CachingOperationNameGenerator:40] Generating unique operation named: deleteUsingDELETE_14
[2018-11-23 10:30:52] [INFO] [springfox.documentation.spring.web.readers.operation.CachingOperationNameGenerator:40] Generating unique operation named: getUsingGET_14
[2018-11-23 10:30:52] [INFO] [springfox.documentation.spring.web.readers.operation.CachingOperationNameGenerator:40] Generating unique operation named: listUsingGET_14
[2018-11-23 10:30:52] [INFO] [springfox.documentation.spring.web.readers.operation.CachingOperationNameGenerator:40] Generating unique operation named: updateUsingPUT_14
[2018-11-23 10:30:52] [INFO] [springfox.documentation.spring.web.readers.operation.CachingOperationNameGenerator:40] Generating unique operation named: createUsingPOST_15
[2018-11-23 10:30:52] [INFO] [springfox.documentation.spring.web.readers.operation.CachingOperationNameGenerator:40] Generating unique operation named: deleteUsingDELETE_15
[2018-11-23 10:30:52] [INFO] [springfox.documentation.spring.web.readers.operation.CachingOperationNameGenerator:40] Generating unique operation named: getUsingGET_15
[2018-11-23 10:30:52] [INFO] [springfox.documentation.spring.web.readers.operation.CachingOperationNameGenerator:40] Generating unique operation named: listUsingGET_15
[2018-11-23 10:30:52] [INFO] [springfox.documentation.spring.web.readers.operation.CachingOperationNameGenerator:40] Generating unique operation named: updateUsingPUT_15
[2018-11-23 10:30:52] [INFO] [springfox.documentation.spring.web.readers.operation.CachingOperationNameGenerator:40] Generating unique operation named: createUsingPOST_16
[2018-11-23 10:30:52] [INFO] [springfox.documentation.spring.web.readers.operation.CachingOperationNameGenerator:40] Generating unique operation named: deleteUsingDELETE_16
[2018-11-23 10:30:52] [INFO] [springfox.documentation.spring.web.readers.operation.CachingOperationNameGenerator:40] Generating unique operation named: getUsingGET_16
[2018-11-23 10:30:52] [INFO] [springfox.documentation.spring.web.readers.operation.CachingOperationNameGenerator:40] Generating unique operation named: listUsingGET_16
[2018-11-23 10:30:52] [INFO] [springfox.documentation.spring.web.readers.operation.CachingOperationNameGenerator:40] Generating unique operation named: updateUsingPUT_16
[2018-11-23 10:30:52] [INFO] [springfox.documentation.spring.web.readers.operation.CachingOperationNameGenerator:40] Generating unique operation named: createUsingPOST_17
[2018-11-23 10:30:52] [INFO] [springfox.documentation.spring.web.readers.operation.CachingOperationNameGenerator:40] Generating unique operation named: deleteUsingDELETE_17
[2018-11-23 10:30:52] [INFO] [springfox.documentation.spring.web.readers.operation.CachingOperationNameGenerator:40] Generating unique operation named: getUsingGET_17
[2018-11-23 10:30:52] [INFO] [springfox.documentation.spring.web.readers.operation.CachingOperationNameGenerator:40] Generating unique operation named: listUsingGET_17
[2018-11-23 10:30:52] [INFO] [springfox.documentation.spring.web.readers.operation.CachingOperationNameGenerator:40] Generating unique operation named: updateUsingPUT_17
[2018-11-23 10:30:52] [INFO] [springfox.documentation.spring.web.readers.operation.CachingOperationNameGenerator:40] Generating unique operation named: createUsingPOST_18
[2018-11-23 10:30:52] [INFO] [springfox.documentation.spring.web.readers.operation.CachingOperationNameGenerator:40] Generating unique operation named: deleteUsingDELETE_18
[2018-11-23 10:30:52] [INFO] [springfox.documentation.spring.web.readers.operation.CachingOperationNameGenerator:40] Generating unique operation named: getUsingGET_18
[2018-11-23 10:30:52] [INFO] [springfox.documentation.spring.web.readers.operation.CachingOperationNameGenerator:40] Generating unique operation named: listUsingGET_18
[2018-11-23 10:30:52] [INFO] [springfox.documentation.spring.web.readers.operation.CachingOperationNameGenerator:40] Generating unique operation named: updateUsingPUT_18
[2018-11-23 10:30:52] [INFO] [springfox.documentation.spring.web.readers.operation.CachingOperationNameGenerator:40] Generating unique operation named: createUsingPOST_19
[2018-11-23 10:30:52] [INFO] [springfox.documentation.spring.web.readers.operation.CachingOperationNameGenerator:40] Generating unique operation named: deleteUsingDELETE_19
[2018-11-23 10:30:52] [INFO] [springfox.documentation.spring.web.readers.operation.CachingOperationNameGenerator:40] Generating unique operation named: getUsingGET_19
[2018-11-23 10:30:52] [INFO] [springfox.documentation.spring.web.readers.operation.CachingOperationNameGenerator:40] Generating unique operation named: listUsingGET_19
[2018-11-23 10:30:52] [INFO] [springfox.documentation.spring.web.readers.operation.CachingOperationNameGenerator:40] Generating unique operation named: updateUsingPUT_19
[2018-11-23 10:30:52] [INFO] [springfox.documentation.spring.web.readers.operation.CachingOperationNameGenerator:40] Generating unique operation named: createUsingPOST_20
[2018-11-23 10:30:52] [INFO] [springfox.documentation.spring.web.readers.operation.CachingOperationNameGenerator:40] Generating unique operation named: deleteUsingDELETE_20
[2018-11-23 10:30:52] [INFO] [springfox.documentation.spring.web.readers.operation.CachingOperationNameGenerator:40] Generating unique operation named: getUsingGET_20
[2018-11-23 10:30:52] [INFO] [springfox.documentation.spring.web.readers.operation.CachingOperationNameGenerator:40] Generating unique operation named: listUsingGET_20
[2018-11-23 10:30:52] [INFO] [springfox.documentation.spring.web.readers.operation.CachingOperationNameGenerator:40] Generating unique operation named: updateUsingPUT_20
[2018-11-23 10:30:52] [INFO] [springfox.documentation.spring.web.readers.operation.CachingOperationNameGenerator:40] Generating unique operation named: createUsingPOST_21
[2018-11-23 10:30:52] [INFO] [springfox.documentation.spring.web.readers.operation.CachingOperationNameGenerator:40] Generating unique operation named: deleteUsingDELETE_21
[2018-11-23 10:30:52] [INFO] [springfox.documentation.spring.web.readers.operation.CachingOperationNameGenerator:40] Generating unique operation named: getUsingGET_21
[2018-11-23 10:30:52] [INFO] [springfox.documentation.spring.web.readers.operation.CachingOperationNameGenerator:40] Generating unique operation named: listUsingGET_21
[2018-11-23 10:30:52] [INFO] [springfox.documentation.spring.web.readers.operation.CachingOperationNameGenerator:40] Generating unique operation named: updateUsingPUT_21
[2018-11-23 10:30:52] [INFO] [springfox.documentation.spring.web.readers.operation.CachingOperationNameGenerator:40] Generating unique operation named: createUsingPOST_22
[2018-11-23 10:30:52] [INFO] [springfox.documentation.spring.web.readers.operation.CachingOperationNameGenerator:40] Generating unique operation named: deleteUsingDELETE_22
[2018-11-23 10:30:52] [INFO] [springfox.documentation.spring.web.readers.operation.CachingOperationNameGenerator:40] Generating unique operation named: getUsingGET_22
[2018-11-23 10:30:53] [INFO] [springfox.documentation.spring.web.readers.operation.CachingOperationNameGenerator:40] Generating unique operation named: listUsingGET_22
[2018-11-23 10:30:53] [INFO] [springfox.documentation.spring.web.readers.operation.CachingOperationNameGenerator:40] Generating unique operation named: updateUsingPUT_22
[2018-11-23 10:31:11] [WARN] [net.sf.ehcache.distribution.RMICacheManagerPeerListener:120] Explicitly setting the listener hostname to 'localhost' is not recommended. It will only work if all CacheManager peers are on the same machine.
[2018-11-23 10:32:38] [ERROR] [com.maro.client.module.user.service.impl.UserServiceImpl:49] helulin------88888888
[2018-11-23 10:32:38] [ERROR] [com.maro.common.users.tsuser.server.impl.MaroCommonUserServiceImpl:35] helulin--------76ac8b46ecb6e23e
[2018-11-23 10:32:38] [ERROR] [com.maro.common.users.tsuser.server.impl.MaroCommonUserServiceImpl:36] helulin--------76ac8b46ecb6e23e
[2018-11-23 10:32:38] [ERROR] [com.maro.client.module.user.service.impl.UserServiceImpl:51] userInfoVO:TSUser [signatureFile=null, mobilePhone=, officePhone=, email=, createDate=2018-07-14 11:42:11.0, createBy=qingguang, createName=青光店, updateDate=2018-07-14 11:43:44.0, updateBy=qingguang, updateName=青光店, portrait=null, devFlag=0, userType=null, personType=null, sex=null, empNo=1001, citizenNo=null, fax=null, address=null, post=null, memo=null]
[2018-11-23 10:33:45] [ERROR] [com.maro.platform.core.common.exception.GlobalExceptionResolver:86] 全局处理异常捕获:
java.net.SocketException: Software caused connection abort: socket write error
	at java.net.SocketOutputStream.socketWrite0(Native Method)
	at java.net.SocketOutputStream.socketWrite(SocketOutputStream.java:113)
	at java.net.SocketOutputStream.write(SocketOutputStream.java:159)
	at org.apache.coyote.http11.InternalOutputBuffer.realWriteBytes(InternalOutputBuffer.java:741)
	at org.apache.tomcat.util.buf.ByteChunk.flushBuffer(ByteChunk.java:432)
	at org.apache.tomcat.util.buf.ByteChunk.append(ByteChunk.java:347)
	at org.apache.coyote.http11.InternalOutputBuffer$OutputStreamOutputBuffer.doWrite(InternalOutputBuffer.java:765)
	at org.apache.coyote.http11.filters.ChunkedOutputFilter.doWrite(ChunkedOutputFilter.java:126)
	at org.apache.coyote.http11.InternalOutputBuffer.doWrite(InternalOutputBuffer.java:574)
	at org.apache.coyote.Response.doWrite(Response.java:560)
	at org.apache.catalina.connector.OutputBuffer.realWriteBytes(OutputBuffer.java:353)
	at org.apache.tomcat.util.buf.ByteChunk.flushBuffer(ByteChunk.java:432)
	at org.apache.tomcat.util.buf.ByteChunk.append(ByteChunk.java:347)
	at org.apache.catalina.connector.OutputBuffer.writeBytes(OutputBuffer.java:381)
	at org.apache.catalina.connector.OutputBuffer.write(OutputBuffer.java:370)
	at org.apache.catalina.connector.CoyoteOutputStream.write(CoyoteOutputStream.java:89)
	at com.fasterxml.jackson.core.json.UTF8JsonGenerator._flushBuffer(UTF8JsonGenerator.java:1846)
	at com.fasterxml.jackson.core.json.UTF8JsonGenerator._writeStringSegment2(UTF8JsonGenerator.java:1264)
	at com.fasterxml.jackson.core.json.UTF8JsonGenerator._writeStringSegment(UTF8JsonGenerator.java:1247)
	at com.fasterxml.jackson.core.json.UTF8JsonGenerator._writeStringSegments(UTF8JsonGenerator.java:1172)
	at com.fasterxml.jackson.core.json.UTF8JsonGenerator.writeString(UTF8JsonGenerator.java:427)
	at com.fasterxml.jackson.databind.ser.std.StringSerializer.serialize(StringSerializer.java:45)
	at com.fasterxml.jackson.databind.ser.std.StringSerializer.serialize(StringSerializer.java:21)
	at com.fasterxml.jackson.databind.ser.BeanPropertyWriter.serializeAsField(BeanPropertyWriter.java:575)
	at com.fasterxml.jackson.databind.ser.std.BeanSerializerBase.serializeFields(BeanSerializerBase.java:663)
	at com.fasterxml.jackson.databind.ser.BeanSerializer.serialize(BeanSerializer.java:156)
	at com.fasterxml.jackson.databind.ser.DefaultSerializerProvider.serializeValue(DefaultSerializerProvider.java:129)
	at com.fasterxml.jackson.databind.ObjectMapper.writeValue(ObjectMapper.java:2240)
	at org.springframework.http.converter.json.MappingJackson2HttpMessageConverter.writeInternal(MappingJackson2HttpMessageConverter.java:253)
	at org.springframework.http.converter.AbstractHttpMessageConverter.write(AbstractHttpMessageConverter.java:208)
	at org.springframework.web.servlet.mvc.method.annotation.AbstractMessageConverterMethodProcessor.writeWithMessageConverters(AbstractMessageConverterMethodProcessor.java:143)
	at org.springframework.web.servlet.mvc.method.annotation.AbstractMessageConverterMethodProcessor.writeWithMessageConverters(AbstractMessageConverterMethodProcessor.java:89)
	at org.springframework.web.servlet.mvc.method.annotation.RequestResponseBodyMethodProcessor.handleReturnValue(RequestResponseBodyMethodProcessor.java:188)
	at org.springframework.web.method.support.HandlerMethodReturnValueHandlerComposite.handleReturnValue(HandlerMethodReturnValueHandlerComposite.java:71)
	at org.springframework.web.servlet.mvc.method.annotation.ServletInvocableHandlerMethod.invokeAndHandle(ServletInvocableHandlerMethod.java:120)
	at org.springframework.web.servlet.mvc.method.annotation.RequestMappingHandlerAdapter.invokeHandleMethod(RequestMappingHandlerAdapter.java:747)
	at org.springframework.web.servlet.mvc.method.annotation.RequestMappingHandlerAdapter.handleInternal(RequestMappingHandlerAdapter.java:676)
	at org.springframework.web.servlet.mvc.method.AbstractHandlerMethodAdapter.handle(AbstractHandlerMethodAdapter.java:85)
	at org.springframework.web.servlet.DispatcherServlet.doDispatch(DispatcherServlet.java:938)
	at org.springframework.web.servlet.DispatcherServlet.doService(DispatcherServlet.java:870)
	at org.springframework.web.servlet.FrameworkServlet.processRequest(FrameworkServlet.java:961)
	at org.springframework.web.servlet.FrameworkServlet.doPost(FrameworkServlet.java:863)
	at javax.servlet.http.HttpServlet.service(HttpServlet.java:637)
	at org.springframework.web.servlet.FrameworkServlet.service(FrameworkServlet.java:837)
	at javax.servlet.http.HttpServlet.service(HttpServlet.java:717)
	at org.apache.catalina.core.ApplicationFilterChain.internalDoFilter(ApplicationFilterChain.java:290)
	at org.apache.catalina.core.ApplicationFilterChain.doFilter(ApplicationFilterChain.java:206)
	at com.maro.client.common.filter.CrossDomainFilter.doFilter(CrossDomainFilter.java:53)
	at org.apache.catalina.core.ApplicationFilterChain.internalDoFilter(ApplicationFilterChain.java:235)
	at org.apache.catalina.core.ApplicationFilterChain.doFilter(ApplicationFilterChain.java:206)
	at org.jeecgframework.core.aop.GZipFilter.doFilter(GZipFilter.java:119)
	at org.apache.catalina.core.ApplicationFilterChain.internalDoFilter(ApplicationFilterChain.java:235)
	at org.apache.catalina.core.ApplicationFilterChain.doFilter(ApplicationFilterChain.java:206)
	at com.alibaba.druid.support.http.WebStatFilter.doFilter(WebStatFilter.java:140)
	at org.apache.catalina.core.ApplicationFilterChain.internalDoFilter(ApplicationFilterChain.java:235)
	at org.apache.catalina.core.ApplicationFilterChain.doFilter(ApplicationFilterChain.java:206)
	at org.springframework.web.filter.CharacterEncodingFilter.doFilterInternal(CharacterEncodingFilter.java:88)
	at org.springframework.web.filter.OncePerRequestFilter.doFilter(OncePerRequestFilter.java:107)
	at org.apache.catalina.core.ApplicationFilterChain.internalDoFilter(ApplicationFilterChain.java:235)
	at org.apache.catalina.core.ApplicationFilterChain.doFilter(ApplicationFilterChain.java:206)
	at org.springframework.orm.hibernate4.support.OpenSessionInViewFilter.doFilterInternal(OpenSessionInViewFilter.java:150)
	at org.springframework.web.filter.OncePerRequestFilter.doFilter(OncePerRequestFilter.java:107)
	at org.apache.catalina.core.ApplicationFilterChain.internalDoFilter(ApplicationFilterChain.java:235)
	at org.apache.catalina.core.ApplicationFilterChain.doFilter(ApplicationFilterChain.java:206)
	at org.apache.catalina.core.StandardWrapperValve.invoke(StandardWrapperValve.java:233)
	at org.apache.catalina.core.StandardContextValve.invoke(StandardContextValve.java:191)
	at org.apache.catalina.core.StandardHostValve.invoke(StandardHostValve.java:127)
	at org.apache.catalina.valves.ErrorReportValve.invoke(ErrorReportValve.java:102)
	at org.apache.catalina.core.StandardEngineValve.invoke(StandardEngineValve.java:109)
	at org.apache.catalina.connector.CoyoteAdapter.service(CoyoteAdapter.java:298)
	at org.apache.coyote.http11.Http11Processor.process(Http11Processor.java:857)
	at org.apache.coyote.http11.Http11Protocol$Http11ConnectionHandler.process(Http11Protocol.java:588)
	at org.apache.tomcat.util.net.JIoEndpoint$Worker.run(JIoEndpoint.java:489)
	at java.lang.Thread.run(Thread.java:745)
